<?xml version="1.0" encoding="utf-8"?>
<TestRun id="8002f6d2-31d6-4585-a1f9-b3774c3ad8ce" name="kamnetanker@DESKTOP-434H76J 2022-12-16 01:41:17" runUser="DESKTOP-434H76J\kamnetanker" xmlns="http://microsoft.com/schemas/VisualStudio/TeamTest/2010">
  <Times creation="2022-12-16T01:41:17.0580082+03:00" queuing="2022-12-16T01:41:17.0580085+03:00" start="2022-12-16T01:41:16.1291316+03:00" finish="2022-12-16T01:41:17.1093527+03:00" />
  <TestSettings name="default" id="57544e2d-b65d-4bb5-bdc5-2e62f599e018">
    <Deployment runDeploymentRoot="kamnetanker_DESKTOP-434H76J_2022-12-16_01_41_17" />
  </TestSettings>
  <Results>
    <UnitTestResult executionId="6f377312-d8da-4e4f-b1a0-efbbfc81855d" testId="53776fc7-759a-4700-86ce-7bb2d9093707" testName="Test5ExpoX" computerName="DESKTOP-434H76J" duration="00:00:00.0000815" startTime="2022-12-16T01:41:16.9179318+03:00" endTime="2022-12-16T01:41:16.9180771+03:00" testType="13cdc9d9-ddb5-4fa4-a97d-d965ccfc6d4b" outcome="Passed" testListId="8c84fa94-04c1-424b-9868-57a2d4851a1d" relativeResultsDirectory="6f377312-d8da-4e4f-b1a0-efbbfc81855d" />
    <UnitTestResult executionId="70651dd5-35ab-41ef-a40b-dbfc610aa2c5" testId="7b68a4e0-de00-4ea4-b0ae-e0675571624c" testName="Test6ExpoX" computerName="DESKTOP-434H76J" duration="00:00:00.0000796" startTime="2022-12-16T01:41:16.9181041+03:00" endTime="2022-12-16T01:41:16.9182546+03:00" testType="13cdc9d9-ddb5-4fa4-a97d-d965ccfc6d4b" outcome="Passed" testListId="8c84fa94-04c1-424b-9868-57a2d4851a1d" relativeResultsDirectory="70651dd5-35ab-41ef-a40b-dbfc610aa2c5" />
    <UnitTestResult executionId="1e6c1a09-b374-4680-b62c-6aca1dee55f8" testId="da58b0af-1a60-4fbd-bb8c-fb80dba67589" testName="Test4ExpoX" computerName="DESKTOP-434H76J" duration="00:00:00.0001031" startTime="2022-12-16T01:41:16.9177373+03:00" endTime="2022-12-16T01:41:16.9179042+03:00" testType="13cdc9d9-ddb5-4fa4-a97d-d965ccfc6d4b" outcome="Passed" testListId="8c84fa94-04c1-424b-9868-57a2d4851a1d" relativeResultsDirectory="1e6c1a09-b374-4680-b62c-6aca1dee55f8" />
    <UnitTestResult executionId="7d850235-82f9-4c97-9835-cacba199155b" testId="c5ff97f5-c9af-4b85-a372-28da1d09de59" testName="Test5cosX" computerName="DESKTOP-434H76J" duration="00:00:00.0001010" startTime="2022-12-16T01:41:16.9716808+03:00" endTime="2022-12-16T01:41:16.9718500+03:00" testType="13cdc9d9-ddb5-4fa4-a97d-d965ccfc6d4b" outcome="Passed" testListId="8c84fa94-04c1-424b-9868-57a2d4851a1d" relativeResultsDirectory="7d850235-82f9-4c97-9835-cacba199155b" />
    <UnitTestResult executionId="d36ac862-414e-4c9b-ab55-6427a81336e4" testId="acdad8a7-0d5d-48a9-9e4d-91038ca741e4" testName="Test5F" computerName="DESKTOP-434H76J" duration="00:00:00.0000720" startTime="2022-12-16T01:41:16.9761121+03:00" endTime="2022-12-16T01:41:16.9762489+03:00" testType="13cdc9d9-ddb5-4fa4-a97d-d965ccfc6d4b" outcome="Passed" testListId="8c84fa94-04c1-424b-9868-57a2d4851a1d" relativeResultsDirectory="d36ac862-414e-4c9b-ab55-6427a81336e4" />
    <UnitTestResult executionId="26e4a280-7bc8-4f30-bba0-196080ab0188" testId="ac20f758-bcf7-436e-bea9-71e9f68dbca0" testName="Test1ExpoX" computerName="DESKTOP-434H76J" duration="00:00:00.0086421" startTime="2022-12-16T01:41:16.8775584+03:00" endTime="2022-12-16T01:41:16.9069382+03:00" testType="13cdc9d9-ddb5-4fa4-a97d-d965ccfc6d4b" outcome="Passed" testListId="8c84fa94-04c1-424b-9868-57a2d4851a1d" relativeResultsDirectory="26e4a280-7bc8-4f30-bba0-196080ab0188" />
    <UnitTestResult executionId="2bace369-67b0-4f8c-8152-d3af5c9c8878" testId="4c75b9b9-820c-492a-91c6-cee705d4c000" testName="Test6SqX" computerName="DESKTOP-434H76J" duration="00:00:00.0000703" startTime="2022-12-16T01:41:16.9730382+03:00" endTime="2022-12-16T01:41:16.9731726+03:00" testType="13cdc9d9-ddb5-4fa4-a97d-d965ccfc6d4b" outcome="Passed" testListId="8c84fa94-04c1-424b-9868-57a2d4851a1d" relativeResultsDirectory="2bace369-67b0-4f8c-8152-d3af5c9c8878" />
    <UnitTestResult executionId="fb85802d-a5c8-404e-896c-cb3987bbf20c" testId="f107aea2-d6c3-4eef-96a6-a7d1d41b7a02" testName="Test3ExpoX" computerName="DESKTOP-434H76J" duration="00:00:00.0000909" startTime="2022-12-16T01:41:16.9175493+03:00" endTime="2022-12-16T01:41:16.9177091+03:00" testType="13cdc9d9-ddb5-4fa4-a97d-d965ccfc6d4b" outcome="Passed" testListId="8c84fa94-04c1-424b-9868-57a2d4851a1d" relativeResultsDirectory="fb85802d-a5c8-404e-896c-cb3987bbf20c" />
    <UnitTestResult executionId="ad600977-25e0-4ce2-9c6a-37c213c9a127" testId="2087a297-d822-4019-866c-95b123285034" testName="Test1SqX" computerName="DESKTOP-434H76J" duration="00:00:00.0001400" startTime="2022-12-16T01:41:16.9720621+03:00" endTime="2022-12-16T01:41:16.9722649+03:00" testType="13cdc9d9-ddb5-4fa4-a97d-d965ccfc6d4b" outcome="Passed" testListId="8c84fa94-04c1-424b-9868-57a2d4851a1d" relativeResultsDirectory="ad600977-25e0-4ce2-9c6a-37c213c9a127" />
    <UnitTestResult executionId="70b5012b-39f2-46a8-a4b2-363023fd1a1b" testId="e280be8c-64f2-4a1f-ab0e-d33b4d940959" testName="Test6cosX" computerName="DESKTOP-434H76J" duration="00:00:00.0000845" startTime="2022-12-16T01:41:16.9718799+03:00" endTime="2022-12-16T01:41:16.9720342+03:00" testType="13cdc9d9-ddb5-4fa4-a97d-d965ccfc6d4b" outcome="Passed" testListId="8c84fa94-04c1-424b-9868-57a2d4851a1d" relativeResultsDirectory="70b5012b-39f2-46a8-a4b2-363023fd1a1b" />
    <UnitTestResult executionId="8bd8c815-8de2-41a1-9c2a-3dcaf6b63220" testId="96aca7bc-ccf0-4a02-b7b2-c95a19cf96c1" testName="Test1F" computerName="DESKTOP-434H76J" duration="00:00:00.0001800" startTime="2022-12-16T01:41:16.9752855+03:00" endTime="2022-12-16T01:41:16.9755565+03:00" testType="13cdc9d9-ddb5-4fa4-a97d-d965ccfc6d4b" outcome="Passed" testListId="8c84fa94-04c1-424b-9868-57a2d4851a1d" relativeResultsDirectory="8bd8c815-8de2-41a1-9c2a-3dcaf6b63220" />
    <UnitTestResult executionId="d182a805-8418-43ea-90c7-fbf0e7afb8e0" testId="27768925-ff3c-433c-a33c-44bbc3cac087" testName="Test3F" computerName="DESKTOP-434H76J" duration="00:00:00.0000773" startTime="2022-12-16T01:41:16.9757631+03:00" endTime="2022-12-16T01:41:16.9759209+03:00" testType="13cdc9d9-ddb5-4fa4-a97d-d965ccfc6d4b" outcome="Passed" testListId="8c84fa94-04c1-424b-9868-57a2d4851a1d" relativeResultsDirectory="d182a805-8418-43ea-90c7-fbf0e7afb8e0" />
    <UnitTestResult executionId="3958231e-a978-4f0c-995a-89d9e3cd9575" testId="a921a46a-b7aa-41b0-8f67-a7fad71c34a6" testName="Test6F" computerName="DESKTOP-434H76J" duration="00:00:00.0000714" startTime="2022-12-16T01:41:16.9762823+03:00" endTime="2022-12-16T01:41:16.9764288+03:00" testType="13cdc9d9-ddb5-4fa4-a97d-d965ccfc6d4b" outcome="Passed" testListId="8c84fa94-04c1-424b-9868-57a2d4851a1d" relativeResultsDirectory="3958231e-a978-4f0c-995a-89d9e3cd9575" />
    <UnitTestResult executionId="5690de7c-51c7-48eb-970d-6e10207d9997" testId="8b47febd-15fd-42d0-b120-863644c816ad" testName="TestMain" computerName="DESKTOP-434H76J" duration="00:00:00.0013739" startTime="2022-12-16T01:41:16.9764556+03:00" endTime="2022-12-16T01:41:16.9780518+03:00" testType="13cdc9d9-ddb5-4fa4-a97d-d965ccfc6d4b" outcome="Passed" testListId="8c84fa94-04c1-424b-9868-57a2d4851a1d" relativeResultsDirectory="5690de7c-51c7-48eb-970d-6e10207d9997">
      <Output>
        <StdOut>Hello, World!&#xD;
F(0) = 1&#xD;
F(1) = 1,0731219655980597&#xD;
F(-1) = 4,992324048441272&#xD;
F(0.5) = 0,572844582450033&#xD;
F(-0.5) = 2,6355167309591354&#xD;
F(double.MaxValue) = ∞</StdOut>
      </Output>
    </UnitTestResult>
    <UnitTestResult executionId="d9857837-f05f-4aa2-8a80-b82634159a25" testId="cc7b35fc-3e9e-48a0-93d0-9d03a7215c0b" testName="Test2cosX" computerName="DESKTOP-434H76J" duration="00:00:00.0000921" startTime="2022-12-16T01:41:16.9185398+03:00" endTime="2022-12-16T01:41:16.9186941+03:00" testType="13cdc9d9-ddb5-4fa4-a97d-d965ccfc6d4b" outcome="Passed" testListId="8c84fa94-04c1-424b-9868-57a2d4851a1d" relativeResultsDirectory="d9857837-f05f-4aa2-8a80-b82634159a25" />
    <UnitTestResult executionId="fb7e07be-607d-4db5-b3bc-e9f5f8460747" testId="2fd0a1ed-e805-42b3-811f-3b2d76965a5f" testName="Test3SqX" computerName="DESKTOP-434H76J" duration="00:00:00.0001101" startTime="2022-12-16T01:41:16.9724918+03:00" endTime="2022-12-16T01:41:16.9726703+03:00" testType="13cdc9d9-ddb5-4fa4-a97d-d965ccfc6d4b" outcome="Passed" testListId="8c84fa94-04c1-424b-9868-57a2d4851a1d" relativeResultsDirectory="fb7e07be-607d-4db5-b3bc-e9f5f8460747" />
    <UnitTestResult executionId="a23fa723-01b6-4b5e-8ddf-585cdc283b3b" testId="b552031f-0894-45b4-ac70-9dfa19bdfa6a" testName="Test1cosX" computerName="DESKTOP-434H76J" duration="00:00:00.0001675" startTime="2022-12-16T01:41:16.9182819+03:00" endTime="2022-12-16T01:41:16.9185118+03:00" testType="13cdc9d9-ddb5-4fa4-a97d-d965ccfc6d4b" outcome="Passed" testListId="8c84fa94-04c1-424b-9868-57a2d4851a1d" relativeResultsDirectory="a23fa723-01b6-4b5e-8ddf-585cdc283b3b" />
    <UnitTestResult executionId="5fd0f2cb-311c-45e1-9fdc-9759d52ee6de" testId="f947320e-c5be-49c5-ae57-3088b37ba190" testName="Test4SqX" computerName="DESKTOP-434H76J" duration="00:00:00.0000842" startTime="2022-12-16T01:41:16.9726973+03:00" endTime="2022-12-16T01:41:16.9728472+03:00" testType="13cdc9d9-ddb5-4fa4-a97d-d965ccfc6d4b" outcome="Passed" testListId="8c84fa94-04c1-424b-9868-57a2d4851a1d" relativeResultsDirectory="5fd0f2cb-311c-45e1-9fdc-9759d52ee6de" />
    <UnitTestResult executionId="c2c1c56f-1975-4a9f-92f4-ecc1ecff7cd7" testId="91351fd5-8727-4f2d-8447-8df2f60d18e5" testName="Test5SqX" computerName="DESKTOP-434H76J" duration="00:00:00.0000714" startTime="2022-12-16T01:41:16.9728795+03:00" endTime="2022-12-16T01:41:16.9730122+03:00" testType="13cdc9d9-ddb5-4fa4-a97d-d965ccfc6d4b" outcome="Passed" testListId="8c84fa94-04c1-424b-9868-57a2d4851a1d" relativeResultsDirectory="c2c1c56f-1975-4a9f-92f4-ecc1ecff7cd7" />
    <UnitTestResult executionId="7d7822eb-a528-4740-8b85-677b869667f0" testId="af9a6837-6b95-43d0-8b04-fdbb1db51a24" testName="Test3cosX" computerName="DESKTOP-434H76J" duration="00:00:00.0000903" startTime="2022-12-16T01:41:16.9187255+03:00" endTime="2022-12-16T01:41:16.9188775+03:00" testType="13cdc9d9-ddb5-4fa4-a97d-d965ccfc6d4b" outcome="Passed" testListId="8c84fa94-04c1-424b-9868-57a2d4851a1d" relativeResultsDirectory="7d7822eb-a528-4740-8b85-677b869667f0" />
    <UnitTestResult executionId="4edd4908-80db-4ce3-973f-f3a053e2cd50" testId="db1d8b26-aa02-47d4-8232-4629f19dcb5d" testName="Test4cosX" computerName="DESKTOP-434H76J" duration="00:00:00.0001081" startTime="2022-12-16T01:41:16.9714115+03:00" endTime="2022-12-16T01:41:16.9716329+03:00" testType="13cdc9d9-ddb5-4fa4-a97d-d965ccfc6d4b" outcome="Passed" testListId="8c84fa94-04c1-424b-9868-57a2d4851a1d" relativeResultsDirectory="4edd4908-80db-4ce3-973f-f3a053e2cd50" />
    <UnitTestResult executionId="4cba3435-9579-448d-8b5b-280879c7994e" testId="5e25b8dc-e024-43f2-b21a-75bfe7f7c38c" testName="Test4F" computerName="DESKTOP-434H76J" duration="00:00:00.0000735" startTime="2022-12-16T01:41:16.9759485+03:00" endTime="2022-12-16T01:41:16.9760851+03:00" testType="13cdc9d9-ddb5-4fa4-a97d-d965ccfc6d4b" outcome="Passed" testListId="8c84fa94-04c1-424b-9868-57a2d4851a1d" relativeResultsDirectory="4cba3435-9579-448d-8b5b-280879c7994e" />
    <UnitTestResult executionId="fae1fdd6-a3ad-4f39-9f02-99e7eb875ba6" testId="30900996-d337-45cd-95c3-cf6d41abab4a" testName="Test2SqX" computerName="DESKTOP-434H76J" duration="00:00:00.0000854" startTime="2022-12-16T01:41:16.9722925+03:00" endTime="2022-12-16T01:41:16.9724549+03:00" testType="13cdc9d9-ddb5-4fa4-a97d-d965ccfc6d4b" outcome="Passed" testListId="8c84fa94-04c1-424b-9868-57a2d4851a1d" relativeResultsDirectory="fae1fdd6-a3ad-4f39-9f02-99e7eb875ba6" />
    <UnitTestResult executionId="e289d4b1-ff8e-4045-af6a-a3919e80d145" testId="02c2f962-5f8c-47f8-a033-97a97d968277" testName="Test2ExpoX" computerName="DESKTOP-434H76J" duration="00:00:00.0001602" startTime="2022-12-16T01:41:16.9171904+03:00" endTime="2022-12-16T01:41:16.9174896+03:00" testType="13cdc9d9-ddb5-4fa4-a97d-d965ccfc6d4b" outcome="Passed" testListId="8c84fa94-04c1-424b-9868-57a2d4851a1d" relativeResultsDirectory="e289d4b1-ff8e-4045-af6a-a3919e80d145" />
    <UnitTestResult executionId="4fdce08e-fd3d-47d4-9a69-29132b72d3c9" testId="cf0d900e-4760-4bd0-836e-993c117b15d1" testName="Test2F" computerName="DESKTOP-434H76J" duration="00:00:00.0000799" startTime="2022-12-16T01:41:16.9755884+03:00" endTime="2022-12-16T01:41:16.9757340+03:00" testType="13cdc9d9-ddb5-4fa4-a97d-d965ccfc6d4b" outcome="Passed" testListId="8c84fa94-04c1-424b-9868-57a2d4851a1d" relativeResultsDirectory="4fdce08e-fd3d-47d4-9a69-29132b72d3c9" />
  </Results>
  <TestDefinitions>
    <UnitTest name="Test3SqX" storage="d:\kamnetanker\magistry\3sem\programmarchitechture\labs\miniature-octo-fiesta\formula\formula_tests\bin\debug\net6.0\formula_tests.dll" id="2fd0a1ed-e805-42b3-811f-3b2d76965a5f">
      <Execution id="fb7e07be-607d-4db5-b3bc-e9f5f8460747" />
      <TestMethod codeBase="D:\kamnetanker\Magistry\3sem\ProgrammArchitechture\Labs\miniature-octo-fiesta\formula\formula_tests\bin\Debug\net6.0\formula_tests.dll" adapterTypeName="executor://mstestadapter/v2" className="formula_tests.FormulaTest" name="Test3SqX" />
    </UnitTest>
    <UnitTest name="Test2F" storage="d:\kamnetanker\magistry\3sem\programmarchitechture\labs\miniature-octo-fiesta\formula\formula_tests\bin\debug\net6.0\formula_tests.dll" id="cf0d900e-4760-4bd0-836e-993c117b15d1">
      <Execution id="4fdce08e-fd3d-47d4-9a69-29132b72d3c9" />
      <TestMethod codeBase="D:\kamnetanker\Magistry\3sem\ProgrammArchitechture\Labs\miniature-octo-fiesta\formula\formula_tests\bin\Debug\net6.0\formula_tests.dll" adapterTypeName="executor://mstestadapter/v2" className="formula_tests.FormulaTest" name="Test2F" />
    </UnitTest>
    <UnitTest name="Test3F" storage="d:\kamnetanker\magistry\3sem\programmarchitechture\labs\miniature-octo-fiesta\formula\formula_tests\bin\debug\net6.0\formula_tests.dll" id="27768925-ff3c-433c-a33c-44bbc3cac087">
      <Execution id="d182a805-8418-43ea-90c7-fbf0e7afb8e0" />
      <TestMethod codeBase="D:\kamnetanker\Magistry\3sem\ProgrammArchitechture\Labs\miniature-octo-fiesta\formula\formula_tests\bin\Debug\net6.0\formula_tests.dll" adapterTypeName="executor://mstestadapter/v2" className="formula_tests.FormulaTest" name="Test3F" />
    </UnitTest>
    <UnitTest name="Test5F" storage="d:\kamnetanker\magistry\3sem\programmarchitechture\labs\miniature-octo-fiesta\formula\formula_tests\bin\debug\net6.0\formula_tests.dll" id="acdad8a7-0d5d-48a9-9e4d-91038ca741e4">
      <Execution id="d36ac862-414e-4c9b-ab55-6427a81336e4" />
      <TestMethod codeBase="D:\kamnetanker\Magistry\3sem\ProgrammArchitechture\Labs\miniature-octo-fiesta\formula\formula_tests\bin\Debug\net6.0\formula_tests.dll" adapterTypeName="executor://mstestadapter/v2" className="formula_tests.FormulaTest" name="Test5F" />
    </UnitTest>
    <UnitTest name="Test3ExpoX" storage="d:\kamnetanker\magistry\3sem\programmarchitechture\labs\miniature-octo-fiesta\formula\formula_tests\bin\debug\net6.0\formula_tests.dll" id="f107aea2-d6c3-4eef-96a6-a7d1d41b7a02">
      <Execution id="fb85802d-a5c8-404e-896c-cb3987bbf20c" />
      <TestMethod codeBase="D:\kamnetanker\Magistry\3sem\ProgrammArchitechture\Labs\miniature-octo-fiesta\formula\formula_tests\bin\Debug\net6.0\formula_tests.dll" adapterTypeName="executor://mstestadapter/v2" className="formula_tests.FormulaTest" name="Test3ExpoX" />
    </UnitTest>
    <UnitTest name="Test1F" storage="d:\kamnetanker\magistry\3sem\programmarchitechture\labs\miniature-octo-fiesta\formula\formula_tests\bin\debug\net6.0\formula_tests.dll" id="96aca7bc-ccf0-4a02-b7b2-c95a19cf96c1">
      <Execution id="8bd8c815-8de2-41a1-9c2a-3dcaf6b63220" />
      <TestMethod codeBase="D:\kamnetanker\Magistry\3sem\ProgrammArchitechture\Labs\miniature-octo-fiesta\formula\formula_tests\bin\Debug\net6.0\formula_tests.dll" adapterTypeName="executor://mstestadapter/v2" className="formula_tests.FormulaTest" name="Test1F" />
    </UnitTest>
    <UnitTest name="Test5SqX" storage="d:\kamnetanker\magistry\3sem\programmarchitechture\labs\miniature-octo-fiesta\formula\formula_tests\bin\debug\net6.0\formula_tests.dll" id="91351fd5-8727-4f2d-8447-8df2f60d18e5">
      <Execution id="c2c1c56f-1975-4a9f-92f4-ecc1ecff7cd7" />
      <TestMethod codeBase="D:\kamnetanker\Magistry\3sem\ProgrammArchitechture\Labs\miniature-octo-fiesta\formula\formula_tests\bin\Debug\net6.0\formula_tests.dll" adapterTypeName="executor://mstestadapter/v2" className="formula_tests.FormulaTest" name="Test5SqX" />
    </UnitTest>
    <UnitTest name="Test1ExpoX" storage="d:\kamnetanker\magistry\3sem\programmarchitechture\labs\miniature-octo-fiesta\formula\formula_tests\bin\debug\net6.0\formula_tests.dll" id="ac20f758-bcf7-436e-bea9-71e9f68dbca0">
      <Execution id="26e4a280-7bc8-4f30-bba0-196080ab0188" />
      <TestMethod codeBase="D:\kamnetanker\Magistry\3sem\ProgrammArchitechture\Labs\miniature-octo-fiesta\formula\formula_tests\bin\Debug\net6.0\formula_tests.dll" adapterTypeName="executor://mstestadapter/v2" className="formula_tests.FormulaTest" name="Test1ExpoX" />
    </UnitTest>
    <UnitTest name="Test5cosX" storage="d:\kamnetanker\magistry\3sem\programmarchitechture\labs\miniature-octo-fiesta\formula\formula_tests\bin\debug\net6.0\formula_tests.dll" id="c5ff97f5-c9af-4b85-a372-28da1d09de59">
      <Execution id="7d850235-82f9-4c97-9835-cacba199155b" />
      <TestMethod codeBase="D:\kamnetanker\Magistry\3sem\ProgrammArchitechture\Labs\miniature-octo-fiesta\formula\formula_tests\bin\Debug\net6.0\formula_tests.dll" adapterTypeName="executor://mstestadapter/v2" className="formula_tests.FormulaTest" name="Test5cosX" />
    </UnitTest>
    <UnitTest name="Test2cosX" storage="d:\kamnetanker\magistry\3sem\programmarchitechture\labs\miniature-octo-fiesta\formula\formula_tests\bin\debug\net6.0\formula_tests.dll" id="cc7b35fc-3e9e-48a0-93d0-9d03a7215c0b">
      <Execution id="d9857837-f05f-4aa2-8a80-b82634159a25" />
      <TestMethod codeBase="D:\kamnetanker\Magistry\3sem\ProgrammArchitechture\Labs\miniature-octo-fiesta\formula\formula_tests\bin\Debug\net6.0\formula_tests.dll" adapterTypeName="executor://mstestadapter/v2" className="formula_tests.FormulaTest" name="Test2cosX" />
    </UnitTest>
    <UnitTest name="Test2SqX" storage="d:\kamnetanker\magistry\3sem\programmarchitechture\labs\miniature-octo-fiesta\formula\formula_tests\bin\debug\net6.0\formula_tests.dll" id="30900996-d337-45cd-95c3-cf6d41abab4a">
      <Execution id="fae1fdd6-a3ad-4f39-9f02-99e7eb875ba6" />
      <TestMethod codeBase="D:\kamnetanker\Magistry\3sem\ProgrammArchitechture\Labs\miniature-octo-fiesta\formula\formula_tests\bin\Debug\net6.0\formula_tests.dll" adapterTypeName="executor://mstestadapter/v2" className="formula_tests.FormulaTest" name="Test2SqX" />
    </UnitTest>
    <UnitTest name="Test3cosX" storage="d:\kamnetanker\magistry\3sem\programmarchitechture\labs\miniature-octo-fiesta\formula\formula_tests\bin\debug\net6.0\formula_tests.dll" id="af9a6837-6b95-43d0-8b04-fdbb1db51a24">
      <Execution id="7d7822eb-a528-4740-8b85-677b869667f0" />
      <TestMethod codeBase="D:\kamnetanker\Magistry\3sem\ProgrammArchitechture\Labs\miniature-octo-fiesta\formula\formula_tests\bin\Debug\net6.0\formula_tests.dll" adapterTypeName="executor://mstestadapter/v2" className="formula_tests.FormulaTest" name="Test3cosX" />
    </UnitTest>
    <UnitTest name="Test6F" storage="d:\kamnetanker\magistry\3sem\programmarchitechture\labs\miniature-octo-fiesta\formula\formula_tests\bin\debug\net6.0\formula_tests.dll" id="a921a46a-b7aa-41b0-8f67-a7fad71c34a6">
      <Execution id="3958231e-a978-4f0c-995a-89d9e3cd9575" />
      <TestMethod codeBase="D:\kamnetanker\Magistry\3sem\ProgrammArchitechture\Labs\miniature-octo-fiesta\formula\formula_tests\bin\Debug\net6.0\formula_tests.dll" adapterTypeName="executor://mstestadapter/v2" className="formula_tests.FormulaTest" name="Test6F" />
    </UnitTest>
    <UnitTest name="Test4ExpoX" storage="d:\kamnetanker\magistry\3sem\programmarchitechture\labs\miniature-octo-fiesta\formula\formula_tests\bin\debug\net6.0\formula_tests.dll" id="da58b0af-1a60-4fbd-bb8c-fb80dba67589">
      <Execution id="1e6c1a09-b374-4680-b62c-6aca1dee55f8" />
      <TestMethod codeBase="D:\kamnetanker\Magistry\3sem\ProgrammArchitechture\Labs\miniature-octo-fiesta\formula\formula_tests\bin\Debug\net6.0\formula_tests.dll" adapterTypeName="executor://mstestadapter/v2" className="formula_tests.FormulaTest" name="Test4ExpoX" />
    </UnitTest>
    <UnitTest name="Test4F" storage="d:\kamnetanker\magistry\3sem\programmarchitechture\labs\miniature-octo-fiesta\formula\formula_tests\bin\debug\net6.0\formula_tests.dll" id="5e25b8dc-e024-43f2-b21a-75bfe7f7c38c">
      <Execution id="4cba3435-9579-448d-8b5b-280879c7994e" />
      <TestMethod codeBase="D:\kamnetanker\Magistry\3sem\ProgrammArchitechture\Labs\miniature-octo-fiesta\formula\formula_tests\bin\Debug\net6.0\formula_tests.dll" adapterTypeName="executor://mstestadapter/v2" className="formula_tests.FormulaTest" name="Test4F" />
    </UnitTest>
    <UnitTest name="Test4cosX" storage="d:\kamnetanker\magistry\3sem\programmarchitechture\labs\miniature-octo-fiesta\formula\formula_tests\bin\debug\net6.0\formula_tests.dll" id="db1d8b26-aa02-47d4-8232-4629f19dcb5d">
      <Execution id="4edd4908-80db-4ce3-973f-f3a053e2cd50" />
      <TestMethod codeBase="D:\kamnetanker\Magistry\3sem\ProgrammArchitechture\Labs\miniature-octo-fiesta\formula\formula_tests\bin\Debug\net6.0\formula_tests.dll" adapterTypeName="executor://mstestadapter/v2" className="formula_tests.FormulaTest" name="Test4cosX" />
    </UnitTest>
    <UnitTest name="Test6SqX" storage="d:\kamnetanker\magistry\3sem\programmarchitechture\labs\miniature-octo-fiesta\formula\formula_tests\bin\debug\net6.0\formula_tests.dll" id="4c75b9b9-820c-492a-91c6-cee705d4c000">
      <Execution id="2bace369-67b0-4f8c-8152-d3af5c9c8878" />
      <TestMethod codeBase="D:\kamnetanker\Magistry\3sem\ProgrammArchitechture\Labs\miniature-octo-fiesta\formula\formula_tests\bin\Debug\net6.0\formula_tests.dll" adapterTypeName="executor://mstestadapter/v2" className="formula_tests.FormulaTest" name="Test6SqX" />
    </UnitTest>
    <UnitTest name="Test6ExpoX" storage="d:\kamnetanker\magistry\3sem\programmarchitechture\labs\miniature-octo-fiesta\formula\formula_tests\bin\debug\net6.0\formula_tests.dll" id="7b68a4e0-de00-4ea4-b0ae-e0675571624c">
      <Execution id="70651dd5-35ab-41ef-a40b-dbfc610aa2c5" />
      <TestMethod codeBase="D:\kamnetanker\Magistry\3sem\ProgrammArchitechture\Labs\miniature-octo-fiesta\formula\formula_tests\bin\Debug\net6.0\formula_tests.dll" adapterTypeName="executor://mstestadapter/v2" className="formula_tests.FormulaTest" name="Test6ExpoX" />
    </UnitTest>
    <UnitTest name="Test4SqX" storage="d:\kamnetanker\magistry\3sem\programmarchitechture\labs\miniature-octo-fiesta\formula\formula_tests\bin\debug\net6.0\formula_tests.dll" id="f947320e-c5be-49c5-ae57-3088b37ba190">
      <Execution id="5fd0f2cb-311c-45e1-9fdc-9759d52ee6de" />
      <TestMethod codeBase="D:\kamnetanker\Magistry\3sem\ProgrammArchitechture\Labs\miniature-octo-fiesta\formula\formula_tests\bin\Debug\net6.0\formula_tests.dll" adapterTypeName="executor://mstestadapter/v2" className="formula_tests.FormulaTest" name="Test4SqX" />
    </UnitTest>
    <UnitTest name="TestMain" storage="d:\kamnetanker\magistry\3sem\programmarchitechture\labs\miniature-octo-fiesta\formula\formula_tests\bin\debug\net6.0\formula_tests.dll" id="8b47febd-15fd-42d0-b120-863644c816ad">
      <Execution id="5690de7c-51c7-48eb-970d-6e10207d9997" />
      <TestMethod codeBase="D:\kamnetanker\Magistry\3sem\ProgrammArchitechture\Labs\miniature-octo-fiesta\formula\formula_tests\bin\Debug\net6.0\formula_tests.dll" adapterTypeName="executor://mstestadapter/v2" className="formula_tests.FormulaTest" name="TestMain" />
    </UnitTest>
    <UnitTest name="Test1SqX" storage="d:\kamnetanker\magistry\3sem\programmarchitechture\labs\miniature-octo-fiesta\formula\formula_tests\bin\debug\net6.0\formula_tests.dll" id="2087a297-d822-4019-866c-95b123285034">
      <Execution id="ad600977-25e0-4ce2-9c6a-37c213c9a127" />
      <TestMethod codeBase="D:\kamnetanker\Magistry\3sem\ProgrammArchitechture\Labs\miniature-octo-fiesta\formula\formula_tests\bin\Debug\net6.0\formula_tests.dll" adapterTypeName="executor://mstestadapter/v2" className="formula_tests.FormulaTest" name="Test1SqX" />
    </UnitTest>
    <UnitTest name="Test5ExpoX" storage="d:\kamnetanker\magistry\3sem\programmarchitechture\labs\miniature-octo-fiesta\formula\formula_tests\bin\debug\net6.0\formula_tests.dll" id="53776fc7-759a-4700-86ce-7bb2d9093707">
      <Execution id="6f377312-d8da-4e4f-b1a0-efbbfc81855d" />
      <TestMethod codeBase="D:\kamnetanker\Magistry\3sem\ProgrammArchitechture\Labs\miniature-octo-fiesta\formula\formula_tests\bin\Debug\net6.0\formula_tests.dll" adapterTypeName="executor://mstestadapter/v2" className="formula_tests.FormulaTest" name="Test5ExpoX" />
    </UnitTest>
    <UnitTest name="Test1cosX" storage="d:\kamnetanker\magistry\3sem\programmarchitechture\labs\miniature-octo-fiesta\formula\formula_tests\bin\debug\net6.0\formula_tests.dll" id="b552031f-0894-45b4-ac70-9dfa19bdfa6a">
      <Execution id="a23fa723-01b6-4b5e-8ddf-585cdc283b3b" />
      <TestMethod codeBase="D:\kamnetanker\Magistry\3sem\ProgrammArchitechture\Labs\miniature-octo-fiesta\formula\formula_tests\bin\Debug\net6.0\formula_tests.dll" adapterTypeName="executor://mstestadapter/v2" className="formula_tests.FormulaTest" name="Test1cosX" />
    </UnitTest>
    <UnitTest name="Test6cosX" storage="d:\kamnetanker\magistry\3sem\programmarchitechture\labs\miniature-octo-fiesta\formula\formula_tests\bin\debug\net6.0\formula_tests.dll" id="e280be8c-64f2-4a1f-ab0e-d33b4d940959">
      <Execution id="70b5012b-39f2-46a8-a4b2-363023fd1a1b" />
      <TestMethod codeBase="D:\kamnetanker\Magistry\3sem\ProgrammArchitechture\Labs\miniature-octo-fiesta\formula\formula_tests\bin\Debug\net6.0\formula_tests.dll" adapterTypeName="executor://mstestadapter/v2" className="formula_tests.FormulaTest" name="Test6cosX" />
    </UnitTest>
    <UnitTest name="Test2ExpoX" storage="d:\kamnetanker\magistry\3sem\programmarchitechture\labs\miniature-octo-fiesta\formula\formula_tests\bin\debug\net6.0\formula_tests.dll" id="02c2f962-5f8c-47f8-a033-97a97d968277">
      <Execution id="e289d4b1-ff8e-4045-af6a-a3919e80d145" />
      <TestMethod codeBase="D:\kamnetanker\Magistry\3sem\ProgrammArchitechture\Labs\miniature-octo-fiesta\formula\formula_tests\bin\Debug\net6.0\formula_tests.dll" adapterTypeName="executor://mstestadapter/v2" className="formula_tests.FormulaTest" name="Test2ExpoX" />
    </UnitTest>
  </TestDefinitions>
  <TestEntries>
    <TestEntry testId="53776fc7-759a-4700-86ce-7bb2d9093707" executionId="6f377312-d8da-4e4f-b1a0-efbbfc81855d" testListId="8c84fa94-04c1-424b-9868-57a2d4851a1d" />
    <TestEntry testId="7b68a4e0-de00-4ea4-b0ae-e0675571624c" executionId="70651dd5-35ab-41ef-a40b-dbfc610aa2c5" testListId="8c84fa94-04c1-424b-9868-57a2d4851a1d" />
    <TestEntry testId="da58b0af-1a60-4fbd-bb8c-fb80dba67589" executionId="1e6c1a09-b374-4680-b62c-6aca1dee55f8" testListId="8c84fa94-04c1-424b-9868-57a2d4851a1d" />
    <TestEntry testId="c5ff97f5-c9af-4b85-a372-28da1d09de59" executionId="7d850235-82f9-4c97-9835-cacba199155b" testListId="8c84fa94-04c1-424b-9868-57a2d4851a1d" />
    <TestEntry testId="acdad8a7-0d5d-48a9-9e4d-91038ca741e4" executionId="d36ac862-414e-4c9b-ab55-6427a81336e4" testListId="8c84fa94-04c1-424b-9868-57a2d4851a1d" />
    <TestEntry testId="ac20f758-bcf7-436e-bea9-71e9f68dbca0" executionId="26e4a280-7bc8-4f30-bba0-196080ab0188" testListId="8c84fa94-04c1-424b-9868-57a2d4851a1d" />
    <TestEntry testId="4c75b9b9-820c-492a-91c6-cee705d4c000" executionId="2bace369-67b0-4f8c-8152-d3af5c9c8878" testListId="8c84fa94-04c1-424b-9868-57a2d4851a1d" />
    <TestEntry testId="f107aea2-d6c3-4eef-96a6-a7d1d41b7a02" executionId="fb85802d-a5c8-404e-896c-cb3987bbf20c" testListId="8c84fa94-04c1-424b-9868-57a2d4851a1d" />
    <TestEntry testId="2087a297-d822-4019-866c-95b123285034" executionId="ad600977-25e0-4ce2-9c6a-37c213c9a127" testListId="8c84fa94-04c1-424b-9868-57a2d4851a1d" />
    <TestEntry testId="e280be8c-64f2-4a1f-ab0e-d33b4d940959" executionId="70b5012b-39f2-46a8-a4b2-363023fd1a1b" testListId="8c84fa94-04c1-424b-9868-57a2d4851a1d" />
    <TestEntry testId="96aca7bc-ccf0-4a02-b7b2-c95a19cf96c1" executionId="8bd8c815-8de2-41a1-9c2a-3dcaf6b63220" testListId="8c84fa94-04c1-424b-9868-57a2d4851a1d" />
    <TestEntry testId="27768925-ff3c-433c-a33c-44bbc3cac087" executionId="d182a805-8418-43ea-90c7-fbf0e7afb8e0" testListId="8c84fa94-04c1-424b-9868-57a2d4851a1d" />
    <TestEntry testId="a921a46a-b7aa-41b0-8f67-a7fad71c34a6" executionId="3958231e-a978-4f0c-995a-89d9e3cd9575" testListId="8c84fa94-04c1-424b-9868-57a2d4851a1d" />
    <TestEntry testId="8b47febd-15fd-42d0-b120-863644c816ad" executionId="5690de7c-51c7-48eb-970d-6e10207d9997" testListId="8c84fa94-04c1-424b-9868-57a2d4851a1d" />
    <TestEntry testId="cc7b35fc-3e9e-48a0-93d0-9d03a7215c0b" executionId="d9857837-f05f-4aa2-8a80-b82634159a25" testListId="8c84fa94-04c1-424b-9868-57a2d4851a1d" />
    <TestEntry testId="2fd0a1ed-e805-42b3-811f-3b2d76965a5f" executionId="fb7e07be-607d-4db5-b3bc-e9f5f8460747" testListId="8c84fa94-04c1-424b-9868-57a2d4851a1d" />
    <TestEntry testId="b552031f-0894-45b4-ac70-9dfa19bdfa6a" executionId="a23fa723-01b6-4b5e-8ddf-585cdc283b3b" testListId="8c84fa94-04c1-424b-9868-57a2d4851a1d" />
    <TestEntry testId="f947320e-c5be-49c5-ae57-3088b37ba190" executionId="5fd0f2cb-311c-45e1-9fdc-9759d52ee6de" testListId="8c84fa94-04c1-424b-9868-57a2d4851a1d" />
    <TestEntry testId="91351fd5-8727-4f2d-8447-8df2f60d18e5" executionId="c2c1c56f-1975-4a9f-92f4-ecc1ecff7cd7" testListId="8c84fa94-04c1-424b-9868-57a2d4851a1d" />
    <TestEntry testId="af9a6837-6b95-43d0-8b04-fdbb1db51a24" executionId="7d7822eb-a528-4740-8b85-677b869667f0" testListId="8c84fa94-04c1-424b-9868-57a2d4851a1d" />
    <TestEntry testId="db1d8b26-aa02-47d4-8232-4629f19dcb5d" executionId="4edd4908-80db-4ce3-973f-f3a053e2cd50" testListId="8c84fa94-04c1-424b-9868-57a2d4851a1d" />
    <TestEntry testId="5e25b8dc-e024-43f2-b21a-75bfe7f7c38c" executionId="4cba3435-9579-448d-8b5b-280879c7994e" testListId="8c84fa94-04c1-424b-9868-57a2d4851a1d" />
    <TestEntry testId="30900996-d337-45cd-95c3-cf6d41abab4a" executionId="fae1fdd6-a3ad-4f39-9f02-99e7eb875ba6" testListId="8c84fa94-04c1-424b-9868-57a2d4851a1d" />
    <TestEntry testId="02c2f962-5f8c-47f8-a033-97a97d968277" executionId="e289d4b1-ff8e-4045-af6a-a3919e80d145" testListId="8c84fa94-04c1-424b-9868-57a2d4851a1d" />
    <TestEntry testId="cf0d900e-4760-4bd0-836e-993c117b15d1" executionId="4fdce08e-fd3d-47d4-9a69-29132b72d3c9" testListId="8c84fa94-04c1-424b-9868-57a2d4851a1d" />
  </TestEntries>
  <TestLists>
    <TestList name="Список результатов" id="8c84fa94-04c1-424b-9868-57a2d4851a1d" />
    <TestList name="Все загруженные результаты" id="19431567-8539-422a-85d7-44ee4e166bda" />
  </TestLists>
  <ResultSummary outcome="Completed">
    <Counters total="25" executed="25" passed="25" failed="0" error="0" timeout="0" aborted="0" inconclusive="0" passedButRunAborted="0" notRunnable="0" notExecuted="0" disconnected="0" warning="0" completed="0" inProgress="0" pending="0" />
  </ResultSummary>
</TestRun>